2022-02-07 14:53:11,344 [Worker-6: Loading available Gradle versions] INFO  o.e.b.c.i.u.g.PublishedGradleVersions - Gradle version information cache is up-to-date. Trying to read.
2022-02-07 15:18:15,420 [Worker-7: Creating maven-archetype-quickstart] INFO  o.e.m.c.i.p.ProjectConfigurationManager - Collecting project info '/pom.xml' C:\Users\Vinaykumar_Kavala\TestAutomation\testautomation\pom.xml
2022-02-07 15:18:16,235 [Worker-7: Creating maven-archetype-quickstart] INFO  o.e.m.c.i.l.LifecycleMappingFactory - Using org.eclipse.m2e.jdt.JarLifecycleMapping lifecycle mapping for MavenProject: com.epam.TestAutomation:testautomation:0.0.1-SNAPSHOT @ C:\Users\Vinaykumar_Kavala\TestAutomation\testautomation\pom.xml.
2022-02-07 15:18:16,493 [Worker-7: Creating maven-archetype-quickstart] INFO  o.e.m.j.i.AbstractJavaProjectConfigurator - Adding source folder /testautomation/src/main/java
2022-02-07 15:18:16,499 [Worker-7: Creating maven-archetype-quickstart] INFO  o.e.m.j.i.AbstractJavaProjectConfigurator - Adding source folder /testautomation/src/test/java
2022-02-07 15:18:17,245 [Worker-7: Creating maven-archetype-quickstart] INFO  o.e.m.c.i.p.ProjectConfigurationManager - Imported and configured 1 project(s) in 1 sec
2022-02-07 15:18:17,863 [Worker-21: Building] INFO  o.e.m.c.i.embedder.EclipseLogger - Using 'UTF-8' encoding to copy filtered resources.
2022-02-07 15:18:17,863 [Worker-21: Building] INFO  o.e.m.c.i.embedder.EclipseLogger - skip non existing resourceDirectory C:\Users\Vinaykumar_Kavala\TestAutomation\testautomation\src\main\resources
2022-02-07 15:18:17,866 [Worker-21: Building] INFO  o.e.m.c.i.embedder.EclipseLogger - Using 'UTF-8' encoding to copy filtered resources.
2022-02-07 15:18:17,867 [Worker-21: Building] INFO  o.e.m.c.i.embedder.EclipseLogger - skip non existing resourceDirectory C:\Users\Vinaykumar_Kavala\TestAutomation\testautomation\src\test\resources
2022-02-08 10:29:31,214 [Worker-0: Loading available Gradle versions] INFO  o.e.b.c.i.u.g.PublishedGradleVersions - Gradle version information cache is up-to-date. Trying to read.
2022-02-08 10:44:38,533 [Worker-14: Launching AppTest] INFO  o.e.m.c.i.embedder.EclipseLogger - Using 'UTF-8' encoding to copy filtered resources.
2022-02-08 10:44:38,535 [Worker-14: Launching AppTest] INFO  o.e.m.c.i.embedder.EclipseLogger - skip non existing resourceDirectory C:\Users\Vinaykumar_Kavala\TestAutomation\testautomation\src\main\resources
2022-02-08 10:44:38,536 [Worker-14: Launching AppTest] INFO  o.e.m.c.i.embedder.EclipseLogger - Using 'UTF-8' encoding to copy filtered resources.
2022-02-08 10:44:38,537 [Worker-14: Launching AppTest] INFO  o.e.m.c.i.embedder.EclipseLogger - skip non existing resourceDirectory C:\Users\Vinaykumar_Kavala\TestAutomation\testautomation\src\test\resources
2022-02-08 10:56:21,655 [Worker-28: Building] INFO  o.e.m.c.i.embedder.EclipseLogger - Using 'UTF-8' encoding to copy filtered resources.
2022-02-08 10:56:21,656 [Worker-28: Building] INFO  o.e.m.c.i.embedder.EclipseLogger - skip non existing resourceDirectory C:\Users\Vinaykumar_Kavala\TestAutomation\testautomation\src\main\resources
2022-02-08 10:56:21,659 [Worker-28: Building] INFO  o.e.m.c.i.embedder.EclipseLogger - Using 'UTF-8' encoding to copy filtered resources.
2022-02-08 10:56:21,659 [Worker-28: Building] INFO  o.e.m.c.i.embedder.EclipseLogger - skip non existing resourceDirectory C:\Users\Vinaykumar_Kavala\TestAutomation\testautomation\src\test\resources
2022-02-08 10:59:08,483 [Worker-28: Building] INFO  o.e.m.c.i.embedder.EclipseLogger - Using 'UTF-8' encoding to copy filtered resources.
2022-02-08 10:59:08,484 [Worker-28: Building] INFO  o.e.m.c.i.embedder.EclipseLogger - skip non existing resourceDirectory C:\Users\Vinaykumar_Kavala\TestAutomation\testautomation\src\main\resources
2022-02-08 10:59:08,487 [Worker-28: Building] INFO  o.e.m.c.i.embedder.EclipseLogger - Using 'UTF-8' encoding to copy filtered resources.
2022-02-08 10:59:08,487 [Worker-28: Building] INFO  o.e.m.c.i.embedder.EclipseLogger - skip non existing resourceDirectory C:\Users\Vinaykumar_Kavala\TestAutomation\testautomation\src\test\resources
2022-02-08 11:08:50,013 [Worker-32: Launching AppTest] INFO  o.e.m.c.i.embedder.EclipseLogger - Using 'UTF-8' encoding to copy filtered resources.
2022-02-08 11:08:50,013 [Worker-32: Launching AppTest] INFO  o.e.m.c.i.embedder.EclipseLogger - skip non existing resourceDirectory C:\Users\Vinaykumar_Kavala\TestAutomation\testautomation\src\main\resources
2022-02-08 11:08:50,015 [Worker-32: Launching AppTest] INFO  o.e.m.c.i.embedder.EclipseLogger - Using 'UTF-8' encoding to copy filtered resources.
2022-02-08 11:08:50,015 [Worker-32: Launching AppTest] INFO  o.e.m.c.i.embedder.EclipseLogger - skip non existing resourceDirectory C:\Users\Vinaykumar_Kavala\TestAutomation\testautomation\src\test\resources
2022-02-08 11:11:11,414 [Worker-33: Launching calculatorTest] INFO  o.e.m.c.i.embedder.EclipseLogger - Using 'UTF-8' encoding to copy filtered resources.
2022-02-08 11:11:11,415 [Worker-33: Launching calculatorTest] INFO  o.e.m.c.i.embedder.EclipseLogger - skip non existing resourceDirectory C:\Users\Vinaykumar_Kavala\TestAutomation\testautomation\src\main\resources
2022-02-08 11:11:11,416 [Worker-33: Launching calculatorTest] INFO  o.e.m.c.i.embedder.EclipseLogger - Using 'UTF-8' encoding to copy filtered resources.
2022-02-08 11:11:11,416 [Worker-33: Launching calculatorTest] INFO  o.e.m.c.i.embedder.EclipseLogger - skip non existing resourceDirectory C:\Users\Vinaykumar_Kavala\TestAutomation\testautomation\src\test\resources
2022-02-08 11:11:35,721 [Worker-33: Launching Rerun com.epam.TestAutomation.testautomation.calculatorTest] INFO  o.e.m.c.i.embedder.EclipseLogger - Using 'UTF-8' encoding to copy filtered resources.
2022-02-08 11:11:35,722 [Worker-33: Launching Rerun com.epam.TestAutomation.testautomation.calculatorTest] INFO  o.e.m.c.i.embedder.EclipseLogger - skip non existing resourceDirectory C:\Users\Vinaykumar_Kavala\TestAutomation\testautomation\src\main\resources
2022-02-08 11:11:35,723 [Worker-33: Launching Rerun com.epam.TestAutomation.testautomation.calculatorTest] INFO  o.e.m.c.i.embedder.EclipseLogger - Using 'UTF-8' encoding to copy filtered resources.
2022-02-08 11:11:35,723 [Worker-33: Launching Rerun com.epam.TestAutomation.testautomation.calculatorTest] INFO  o.e.m.c.i.embedder.EclipseLogger - skip non existing resourceDirectory C:\Users\Vinaykumar_Kavala\TestAutomation\testautomation\src\test\resources
2022-02-08 11:15:15,602 [Worker-30: Launching Rerun com.epam.TestAutomation.testautomation.calculatorTest] INFO  o.e.m.c.i.embedder.EclipseLogger - Using 'UTF-8' encoding to copy filtered resources.
2022-02-08 11:15:15,602 [Worker-30: Launching Rerun com.epam.TestAutomation.testautomation.calculatorTest] INFO  o.e.m.c.i.embedder.EclipseLogger - skip non existing resourceDirectory C:\Users\Vinaykumar_Kavala\TestAutomation\testautomation\src\main\resources
2022-02-08 11:15:15,604 [Worker-30: Launching Rerun com.epam.TestAutomation.testautomation.calculatorTest] INFO  o.e.m.c.i.embedder.EclipseLogger - Using 'UTF-8' encoding to copy filtered resources.
2022-02-08 11:15:15,604 [Worker-30: Launching Rerun com.epam.TestAutomation.testautomation.calculatorTest] INFO  o.e.m.c.i.embedder.EclipseLogger - skip non existing resourceDirectory C:\Users\Vinaykumar_Kavala\TestAutomation\testautomation\src\test\resources
2022-02-08 11:16:48,440 [Worker-36: Launching Rerun com.epam.TestAutomation.testautomation.calculatorTest] INFO  o.e.m.c.i.embedder.EclipseLogger - Using 'UTF-8' encoding to copy filtered resources.
2022-02-08 11:16:48,440 [Worker-36: Launching Rerun com.epam.TestAutomation.testautomation.calculatorTest] INFO  o.e.m.c.i.embedder.EclipseLogger - skip non existing resourceDirectory C:\Users\Vinaykumar_Kavala\TestAutomation\testautomation\src\main\resources
2022-02-08 11:16:48,443 [Worker-36: Launching Rerun com.epam.TestAutomation.testautomation.calculatorTest] INFO  o.e.m.c.i.embedder.EclipseLogger - Using 'UTF-8' encoding to copy filtered resources.
2022-02-08 11:16:48,444 [Worker-36: Launching Rerun com.epam.TestAutomation.testautomation.calculatorTest] INFO  o.e.m.c.i.embedder.EclipseLogger - skip non existing resourceDirectory C:\Users\Vinaykumar_Kavala\TestAutomation\testautomation\src\test\resources
2022-02-08 11:22:05,682 [Worker-36: Launching calculatorTest] INFO  o.e.m.c.i.embedder.EclipseLogger - Using 'UTF-8' encoding to copy filtered resources.
2022-02-08 11:22:05,683 [Worker-36: Launching calculatorTest] INFO  o.e.m.c.i.embedder.EclipseLogger - skip non existing resourceDirectory C:\Users\Vinaykumar_Kavala\TestAutomation\testautomation\src\main\resources
2022-02-08 11:22:05,684 [Worker-36: Launching calculatorTest] INFO  o.e.m.c.i.embedder.EclipseLogger - Using 'UTF-8' encoding to copy filtered resources.
2022-02-08 11:22:05,684 [Worker-36: Launching calculatorTest] INFO  o.e.m.c.i.embedder.EclipseLogger - skip non existing resourceDirectory C:\Users\Vinaykumar_Kavala\TestAutomation\testautomation\src\test\resources
2022-02-08 11:45:09,097 [Worker-42: Updating Maven Project] INFO  o.e.m.c.i.p.ProjectConfigurationManager - Update started
2022-02-08 11:45:09,408 [Worker-42: Updating Maven Project] INFO  o.e.m.c.i.l.LifecycleMappingFactory - Using org.eclipse.m2e.jdt.JarLifecycleMapping lifecycle mapping for MavenProject: com.epam.TestAutomation:testautomation:0.0.1-SNAPSHOT @ C:\Users\Vinaykumar_Kavala\TestAutomation\testautomation\pom.xml.
2022-02-08 11:45:09,560 [Worker-42: Updating Maven Project] INFO  o.e.m.j.i.AbstractJavaProjectConfigurator - Adding source folder /testautomation/src/main/java
2022-02-08 11:45:09,561 [Worker-42: Updating Maven Project] INFO  o.e.m.j.i.AbstractJavaProjectConfigurator - Adding source folder /testautomation/src/test/java
2022-02-08 11:45:09,636 [Worker-42: Updating Maven Project] INFO  o.e.m.c.i.p.ProjectConfigurationManager - Update completed: 0 sec
2022-02-08 11:45:09,854 [Worker-42: Building] INFO  o.e.m.c.i.embedder.EclipseLogger - Using 'UTF-8' encoding to copy filtered resources.
2022-02-08 11:45:09,855 [Worker-42: Building] INFO  o.e.m.c.i.embedder.EclipseLogger - skip non existing resourceDirectory C:\Users\Vinaykumar_Kavala\TestAutomation\testautomation\src\main\resources
2022-02-08 11:45:09,856 [Worker-42: Building] INFO  o.e.m.c.i.embedder.EclipseLogger - Using 'UTF-8' encoding to copy filtered resources.
2022-02-08 11:45:09,857 [Worker-42: Building] INFO  o.e.m.c.i.embedder.EclipseLogger - skip non existing resourceDirectory C:\Users\Vinaykumar_Kavala\TestAutomation\testautomation\src\test\resources
2022-02-08 11:46:17,664 [Worker-41: Building] INFO  o.e.m.c.i.embedder.EclipseLogger - Using 'UTF-8' encoding to copy filtered resources.
2022-02-08 11:46:17,665 [Worker-41: Building] INFO  o.e.m.c.i.embedder.EclipseLogger - skip non existing resourceDirectory C:\Users\Vinaykumar_Kavala\TestAutomation\testautomation\src\main\resources
2022-02-08 11:46:17,665 [Worker-41: Building] INFO  o.e.m.c.i.embedder.EclipseLogger - Using 'UTF-8' encoding to copy filtered resources.
2022-02-08 11:46:17,665 [Worker-41: Building] INFO  o.e.m.c.i.embedder.EclipseLogger - skip non existing resourceDirectory C:\Users\Vinaykumar_Kavala\TestAutomation\testautomation\src\test\resources
2022-02-08 11:46:38,366 [Worker-36: Updating Maven Project] INFO  o.e.m.c.i.p.ProjectConfigurationManager - Update started
2022-02-08 11:46:38,601 [Worker-36: Updating Maven Project] INFO  o.e.m.c.i.l.LifecycleMappingFactory - Using org.eclipse.m2e.jdt.JarLifecycleMapping lifecycle mapping for MavenProject: com.epam.TestAutomation:testautomation:0.0.1-SNAPSHOT @ C:\Users\Vinaykumar_Kavala\TestAutomation\testautomation\pom.xml.
2022-02-08 11:46:38,737 [Worker-36: Updating Maven Project] INFO  o.e.m.j.i.AbstractJavaProjectConfigurator - Adding source folder /testautomation/src/main/java
2022-02-08 11:46:38,738 [Worker-36: Updating Maven Project] INFO  o.e.m.j.i.AbstractJavaProjectConfigurator - Adding source folder /testautomation/src/test/java
2022-02-08 11:46:38,788 [Worker-36: Updating Maven Project] INFO  o.e.m.c.i.p.ProjectConfigurationManager - Update completed: 0 sec
2022-02-08 11:46:38,988 [Worker-43: Building] INFO  o.e.m.c.i.embedder.EclipseLogger - Using 'UTF-8' encoding to copy filtered resources.
2022-02-08 11:46:38,989 [Worker-43: Building] INFO  o.e.m.c.i.embedder.EclipseLogger - skip non existing resourceDirectory C:\Users\Vinaykumar_Kavala\TestAutomation\testautomation\src\main\resources
2022-02-08 11:46:38,990 [Worker-43: Building] INFO  o.e.m.c.i.embedder.EclipseLogger - Using 'UTF-8' encoding to copy filtered resources.
2022-02-08 11:46:38,991 [Worker-43: Building] INFO  o.e.m.c.i.embedder.EclipseLogger - skip non existing resourceDirectory C:\Users\Vinaykumar_Kavala\TestAutomation\testautomation\src\test\resources
2022-02-08 11:47:34,268 [Worker-44: Building] INFO  o.e.m.c.i.embedder.EclipseLogger - Using 'UTF-8' encoding to copy filtered resources.
2022-02-08 11:47:34,268 [Worker-44: Building] INFO  o.e.m.c.i.embedder.EclipseLogger - skip non existing resourceDirectory C:\Users\Vinaykumar_Kavala\TestAutomation\testautomation\src\main\resources
2022-02-08 11:47:34,268 [Worker-44: Building] INFO  o.e.m.c.i.embedder.EclipseLogger - Using 'UTF-8' encoding to copy filtered resources.
2022-02-08 11:47:34,269 [Worker-44: Building] INFO  o.e.m.c.i.embedder.EclipseLogger - skip non existing resourceDirectory C:\Users\Vinaykumar_Kavala\TestAutomation\testautomation\src\test\resources
2022-02-08 12:53:08,925 [Worker-48: Building] INFO  o.e.m.c.i.l.LifecycleMappingFactory - Using org.eclipse.m2e.jdt.JarLifecycleMapping lifecycle mapping for MavenProject: com.epam.TestAutomation:testautomation:0.0.1-SNAPSHOT @ C:\Users\Vinaykumar_Kavala\TestAutomation\testautomation\pom.xml.
2022-02-08 12:53:18,400 [Worker-48: Building] INFO  o.e.m.c.i.e.AbstractTransferListenerAdapter - Downloading https://repo.maven.apache.org/maven2/junit/junit/4.13.2/junit-4.13.2.pom
2022-02-08 12:53:19,334 [Worker-48: Building] INFO  o.e.m.c.i.e.AbstractTransferListenerAdapter - Downloaded https://repo.maven.apache.org/maven2/junit/junit/4.13.2/junit-4.13.2.pom
2022-02-08 12:53:19,567 [Worker-48: Building] INFO  o.e.m.c.i.embedder.EclipseLogger - Using 'UTF-8' encoding to copy filtered resources.
2022-02-08 12:53:19,567 [Worker-48: Building] INFO  o.e.m.c.i.embedder.EclipseLogger - skip non existing resourceDirectory C:\Users\Vinaykumar_Kavala\TestAutomation\testautomation\src\main\resources
2022-02-08 12:53:19,571 [Worker-48: Building] INFO  o.e.m.c.i.embedder.EclipseLogger - Using 'UTF-8' encoding to copy filtered resources.
2022-02-08 12:53:19,572 [Worker-48: Building] INFO  o.e.m.c.i.embedder.EclipseLogger - skip non existing resourceDirectory C:\Users\Vinaykumar_Kavala\TestAutomation\testautomation\src\test\resources
2022-02-08 12:53:19,726 [Worker-51: Updating Maven Project] INFO  o.e.m.c.i.p.ProjectConfigurationManager - Update started
2022-02-08 12:53:20,104 [Worker-51: Updating Maven Project] INFO  o.e.m.c.i.l.LifecycleMappingFactory - Using org.eclipse.m2e.jdt.JarLifecycleMapping lifecycle mapping for MavenProject: com.epam.TestAutomation:testautomation:0.0.1-SNAPSHOT @ C:\Users\Vinaykumar_Kavala\TestAutomation\testautomation\pom.xml.
2022-02-08 12:53:20,356 [Worker-51: Updating Maven Project] INFO  o.e.m.j.i.AbstractJavaProjectConfigurator - Adding source folder /testautomation/src/main/java
2022-02-08 12:53:20,357 [Worker-51: Updating Maven Project] INFO  o.e.m.j.i.AbstractJavaProjectConfigurator - Adding source folder /testautomation/src/test/java
2022-02-08 12:53:20,581 [Worker-51: Updating Maven Project] INFO  o.e.m.c.i.p.ProjectConfigurationManager - Update completed: 0 sec
2022-02-08 12:53:20,878 [Worker-52: Building] INFO  o.e.m.c.i.embedder.EclipseLogger - Using 'UTF-8' encoding to copy filtered resources.
2022-02-08 12:53:20,880 [Worker-52: Building] INFO  o.e.m.c.i.embedder.EclipseLogger - skip non existing resourceDirectory C:\Users\Vinaykumar_Kavala\TestAutomation\testautomation\src\main\resources
2022-02-08 12:53:20,886 [Worker-52: Building] INFO  o.e.m.c.i.embedder.EclipseLogger - Using 'UTF-8' encoding to copy filtered resources.
2022-02-08 12:53:20,887 [Worker-52: Building] INFO  o.e.m.c.i.embedder.EclipseLogger - skip non existing resourceDirectory C:\Users\Vinaykumar_Kavala\TestAutomation\testautomation\src\test\resources
2022-02-08 12:53:21,775 [Worker-49: Download sources and javadoc] INFO  o.e.m.c.i.e.AbstractTransferListenerAdapter - Downloading https://repo.maven.apache.org/maven2/junit/junit/4.13.2/junit-4.13.2-sources.jar
2022-02-08 12:53:23,025 [Worker-49: Download sources and javadoc] INFO  o.e.m.c.i.e.AbstractTransferListenerAdapter - Downloaded https://repo.maven.apache.org/maven2/junit/junit/4.13.2/junit-4.13.2-sources.jar
2022-02-08 12:53:23,190 [Worker-49: Download sources and javadoc] INFO  o.e.m.j.internal.DownloadSourcesJob - Downloaded sources for junit:junit:4.13.2
2022-02-08 12:53:23,439 [Worker-52: Building] INFO  o.e.m.c.i.embedder.EclipseLogger - Using 'UTF-8' encoding to copy filtered resources.
2022-02-08 12:53:23,440 [Worker-52: Building] INFO  o.e.m.c.i.embedder.EclipseLogger - skip non existing resourceDirectory C:\Users\Vinaykumar_Kavala\TestAutomation\testautomation\src\main\resources
2022-02-08 12:53:23,442 [Worker-52: Building] INFO  o.e.m.c.i.embedder.EclipseLogger - Using 'UTF-8' encoding to copy filtered resources.
2022-02-08 12:53:23,442 [Worker-52: Building] INFO  o.e.m.c.i.embedder.EclipseLogger - skip non existing resourceDirectory C:\Users\Vinaykumar_Kavala\TestAutomation\testautomation\src\test\resources
2022-02-08 12:57:46,872 [Worker-54: Building] INFO  o.e.m.c.i.l.LifecycleMappingFactory - Using org.eclipse.m2e.jdt.JarLifecycleMapping lifecycle mapping for MavenProject: com.epam.TestAutomation:testautomation:0.0.1-SNAPSHOT @ C:\Users\Vinaykumar_Kavala\TestAutomation\testautomation\pom.xml.
2022-02-08 12:57:46,875 [Worker-54: Building] WARN  o.e.m.c.i.embedder.EclipseLogger - The POM for junit:junit:jar:3.0.0 is missing, no dependency information available
2022-02-08 12:57:50,208 [Worker-54: Building] INFO  o.e.m.c.i.e.AbstractTransferListenerAdapter - Downloaded https://repo.maven.apache.org/maven2/junit/junit/3.0.0/junit-3.0.0.jar
2022-02-08 12:57:50,400 [Worker-54: Building] INFO  o.e.m.c.i.embedder.EclipseLogger - Using 'UTF-8' encoding to copy filtered resources.
2022-02-08 12:57:50,400 [Worker-54: Building] INFO  o.e.m.c.i.embedder.EclipseLogger - skip non existing resourceDirectory C:\Users\Vinaykumar_Kavala\TestAutomation\testautomation\src\main\resources
2022-02-08 12:57:50,403 [Worker-54: Building] INFO  o.e.m.c.i.embedder.EclipseLogger - Using 'UTF-8' encoding to copy filtered resources.
2022-02-08 12:57:50,404 [Worker-54: Building] INFO  o.e.m.c.i.embedder.EclipseLogger - skip non existing resourceDirectory C:\Users\Vinaykumar_Kavala\TestAutomation\testautomation\src\test\resources
2022-02-08 12:57:51,333 [Worker-52: Download sources and javadoc] WARN  o.e.m.c.i.embedder.EclipseLogger - The POM for junit:junit:jar:3.0.0 is missing, no dependency information available
2022-02-08 12:57:52,521 [Worker-49: Updating Maven Project] INFO  o.e.m.c.i.p.ProjectConfigurationManager - Update started
2022-02-08 12:57:52,562 [Worker-52: Download sources and javadoc] INFO  o.e.m.c.i.e.AbstractTransferListenerAdapter - Downloaded https://repo.maven.apache.org/maven2/junit/junit/3.0.0/junit-3.0.0-sources.jar
2022-02-08 12:57:52,572 [Worker-52: Download sources and javadoc] ERROR o.e.m.j.internal.DownloadSourcesJob - Could not download sources for junit:junit:3.0.0
org.eclipse.core.runtime.CoreException: Could not resolve artifact junit:junit:jar:sources:3.0.0
	at org.eclipse.m2e.core.internal.embedder.MavenImpl.lambda$4(MavenImpl.java:828)
	at org.eclipse.m2e.core.internal.embedder.MavenExecutionContext.executeBare(MavenExecutionContext.java:182)
	at org.eclipse.m2e.core.internal.embedder.MavenExecutionContext.execute(MavenExecutionContext.java:117)
	at org.eclipse.m2e.core.internal.embedder.MavenExecutionContext.execute(MavenExecutionContext.java:103)
	at org.eclipse.m2e.core.internal.embedder.MavenImpl.resolve(MavenImpl.java:796)
	at org.eclipse.m2e.core.internal.embedder.MavenImpl.resolve(MavenImpl.java:773)
	at org.eclipse.m2e.jdt.internal.DownloadSourcesJob.download(DownloadSourcesJob.java:311)
	at org.eclipse.m2e.jdt.internal.DownloadSourcesJob.downloadAttachments(DownloadSourcesJob.java:285)
	at org.eclipse.m2e.jdt.internal.DownloadSourcesJob.downloadMaven(DownloadSourcesJob.java:255)
	at org.eclipse.m2e.jdt.internal.DownloadSourcesJob.downloadFilesAndPopulateToUpdate(DownloadSourcesJob.java:223)
	at org.eclipse.m2e.jdt.internal.DownloadSourcesJob.lambda$0(DownloadSourcesJob.java:152)
	at org.eclipse.m2e.core.internal.embedder.MavenExecutionContext.executeBare(MavenExecutionContext.java:182)
	at org.eclipse.m2e.core.internal.embedder.MavenExecutionContext.execute(MavenExecutionContext.java:156)
	at org.eclipse.m2e.core.internal.embedder.MavenExecutionContext.execute(MavenExecutionContext.java:103)
	at org.eclipse.m2e.core.internal.embedder.MavenImpl.execute(MavenImpl.java:1416)
	at org.eclipse.m2e.jdt.internal.DownloadSourcesJob.run(DownloadSourcesJob.java:152)
	at org.eclipse.core.internal.jobs.Worker.run(Worker.java:63)
2022-02-08 12:57:52,831 [Worker-49: Updating Maven Project] INFO  o.e.m.c.i.l.LifecycleMappingFactory - Using org.eclipse.m2e.jdt.JarLifecycleMapping lifecycle mapping for MavenProject: com.epam.TestAutomation:testautomation:0.0.1-SNAPSHOT @ C:\Users\Vinaykumar_Kavala\TestAutomation\testautomation\pom.xml.
2022-02-08 12:57:52,834 [Worker-49: Updating Maven Project] WARN  o.e.m.c.i.embedder.EclipseLogger - The POM for junit:junit:jar:3.0.0 is missing, no dependency information available
2022-02-08 12:57:53,166 [Worker-49: Updating Maven Project] INFO  o.e.m.j.i.AbstractJavaProjectConfigurator - Adding source folder /testautomation/src/main/java
2022-02-08 12:57:53,167 [Worker-49: Updating Maven Project] INFO  o.e.m.j.i.AbstractJavaProjectConfigurator - Adding source folder /testautomation/src/test/java
2022-02-08 12:57:53,671 [Worker-49: Updating Maven Project] INFO  o.e.m.c.i.p.ProjectConfigurationManager - Update completed: 1 sec
2022-02-08 12:57:53,790 [Worker-49: Building] WARN  o.e.m.c.i.embedder.EclipseLogger - The POM for junit:junit:jar:3.0.0 is missing, no dependency information available
2022-02-08 12:57:53,819 [Worker-49: Building] INFO  o.e.m.c.i.embedder.EclipseLogger - Using 'UTF-8' encoding to copy filtered resources.
2022-02-08 12:57:53,820 [Worker-49: Building] INFO  o.e.m.c.i.embedder.EclipseLogger - skip non existing resourceDirectory C:\Users\Vinaykumar_Kavala\TestAutomation\testautomation\src\main\resources
2022-02-08 12:57:53,823 [Worker-49: Building] INFO  o.e.m.c.i.embedder.EclipseLogger - Using 'UTF-8' encoding to copy filtered resources.
2022-02-08 12:57:53,823 [Worker-49: Building] INFO  o.e.m.c.i.embedder.EclipseLogger - skip non existing resourceDirectory C:\Users\Vinaykumar_Kavala\TestAutomation\testautomation\src\test\resources
2022-02-08 12:57:55,373 [Worker-49: Download sources and javadoc] INFO  o.e.m.c.i.e.AbstractTransferListenerAdapter - Downloaded https://repo.maven.apache.org/maven2/junit/junit/3.0.0/junit-3.0.0-javadoc.jar
2022-02-08 12:57:55,379 [Worker-49: Download sources and javadoc] ERROR o.e.m.j.internal.DownloadSourcesJob - Could not download javadoc for junit:junit:3.0.0
org.eclipse.core.runtime.CoreException: Could not resolve artifact junit:junit:jar:javadoc:3.0.0
	at org.eclipse.m2e.core.internal.embedder.MavenImpl.lambda$4(MavenImpl.java:828)
	at org.eclipse.m2e.core.internal.embedder.MavenExecutionContext.executeBare(MavenExecutionContext.java:182)
	at org.eclipse.m2e.core.internal.embedder.MavenExecutionContext.execute(MavenExecutionContext.java:117)
	at org.eclipse.m2e.core.internal.embedder.MavenExecutionContext.execute(MavenExecutionContext.java:103)
	at org.eclipse.m2e.core.internal.embedder.MavenImpl.resolve(MavenImpl.java:796)
	at org.eclipse.m2e.core.internal.embedder.MavenImpl.resolve(MavenImpl.java:773)
	at org.eclipse.m2e.jdt.internal.DownloadSourcesJob.download(DownloadSourcesJob.java:311)
	at org.eclipse.m2e.jdt.internal.DownloadSourcesJob.downloadAttachments(DownloadSourcesJob.java:297)
	at org.eclipse.m2e.jdt.internal.DownloadSourcesJob.downloadMaven(DownloadSourcesJob.java:255)
	at org.eclipse.m2e.jdt.internal.DownloadSourcesJob.downloadFilesAndPopulateToUpdate(DownloadSourcesJob.java:223)
	at org.eclipse.m2e.jdt.internal.DownloadSourcesJob.lambda$0(DownloadSourcesJob.java:152)
	at org.eclipse.m2e.core.internal.embedder.MavenExecutionContext.executeBare(MavenExecutionContext.java:182)
	at org.eclipse.m2e.core.internal.embedder.MavenExecutionContext.execute(MavenExecutionContext.java:156)
	at org.eclipse.m2e.core.internal.embedder.MavenExecutionContext.execute(MavenExecutionContext.java:103)
	at org.eclipse.m2e.core.internal.embedder.MavenImpl.execute(MavenImpl.java:1416)
	at org.eclipse.m2e.jdt.internal.DownloadSourcesJob.run(DownloadSourcesJob.java:152)
	at org.eclipse.core.internal.jobs.Worker.run(Worker.java:63)
2022-02-08 12:58:53,956 [Worker-56: Building] INFO  o.e.m.c.i.embedder.EclipseLogger - Using 'UTF-8' encoding to copy filtered resources.
2022-02-08 12:58:53,957 [Worker-56: Building] INFO  o.e.m.c.i.embedder.EclipseLogger - skip non existing resourceDirectory C:\Users\Vinaykumar_Kavala\TestAutomation\testautomation\src\main\resources
2022-02-08 12:58:53,958 [Worker-56: Building] INFO  o.e.m.c.i.embedder.EclipseLogger - Using 'UTF-8' encoding to copy filtered resources.
2022-02-08 12:58:53,958 [Worker-56: Building] INFO  o.e.m.c.i.embedder.EclipseLogger - skip non existing resourceDirectory C:\Users\Vinaykumar_Kavala\TestAutomation\testautomation\src\test\resources
2022-02-08 13:01:49,138 [Worker-55: Building] INFO  o.e.m.c.i.l.LifecycleMappingFactory - Using org.eclipse.m2e.jdt.JarLifecycleMapping lifecycle mapping for MavenProject: com.epam.TestAutomation:testautomation:0.0.1-SNAPSHOT @ C:\Users\Vinaykumar_Kavala\TestAutomation\testautomation\pom.xml.
2022-02-08 13:01:51,104 [Worker-55: Building] INFO  o.e.m.c.i.e.AbstractTransferListenerAdapter - Downloading https://repo.maven.apache.org/maven2/junit/junit/4.13/junit-4.13.jar
2022-02-08 13:01:52,563 [Worker-55: Building] INFO  o.e.m.c.i.e.AbstractTransferListenerAdapter - Downloaded https://repo.maven.apache.org/maven2/junit/junit/4.13/junit-4.13.jar
2022-02-08 13:01:52,803 [Worker-55: Building] INFO  o.e.m.c.i.embedder.EclipseLogger - Using 'UTF-8' encoding to copy filtered resources.
2022-02-08 13:01:52,803 [Worker-55: Building] INFO  o.e.m.c.i.embedder.EclipseLogger - skip non existing resourceDirectory C:\Users\Vinaykumar_Kavala\TestAutomation\testautomation\src\main\resources
2022-02-08 13:01:52,806 [Worker-55: Building] INFO  o.e.m.c.i.embedder.EclipseLogger - Using 'UTF-8' encoding to copy filtered resources.
2022-02-08 13:01:52,806 [Worker-55: Building] INFO  o.e.m.c.i.embedder.EclipseLogger - skip non existing resourceDirectory C:\Users\Vinaykumar_Kavala\TestAutomation\testautomation\src\test\resources
2022-02-08 13:01:53,930 [Worker-58: Building] INFO  o.e.m.c.i.embedder.EclipseLogger - Using 'UTF-8' encoding to copy filtered resources.
2022-02-08 13:01:53,930 [Worker-58: Building] INFO  o.e.m.c.i.embedder.EclipseLogger - skip non existing resourceDirectory C:\Users\Vinaykumar_Kavala\TestAutomation\testautomation\src\main\resources
2022-02-08 13:01:53,932 [Worker-58: Building] INFO  o.e.m.c.i.embedder.EclipseLogger - Using 'UTF-8' encoding to copy filtered resources.
2022-02-08 13:01:53,932 [Worker-58: Building] INFO  o.e.m.c.i.embedder.EclipseLogger - skip non existing resourceDirectory C:\Users\Vinaykumar_Kavala\TestAutomation\testautomation\src\test\resources
2022-02-08 13:01:54,859 [Worker-57: Download sources and javadoc] INFO  o.e.m.c.i.e.AbstractTransferListenerAdapter - Downloading https://repo.maven.apache.org/maven2/junit/junit/4.13/junit-4.13-sources.jar
2022-02-08 13:01:55,807 [Worker-57: Download sources and javadoc] INFO  o.e.m.c.i.e.AbstractTransferListenerAdapter - Downloaded https://repo.maven.apache.org/maven2/junit/junit/4.13/junit-4.13-sources.jar
2022-02-08 13:01:55,893 [Worker-57: Download sources and javadoc] INFO  o.e.m.j.internal.DownloadSourcesJob - Downloaded sources for junit:junit:4.13
2022-02-08 13:01:56,081 [Worker-55: Building] INFO  o.e.m.c.i.embedder.EclipseLogger - Using 'UTF-8' encoding to copy filtered resources.
2022-02-08 13:01:56,082 [Worker-55: Building] INFO  o.e.m.c.i.embedder.EclipseLogger - skip non existing resourceDirectory C:\Users\Vinaykumar_Kavala\TestAutomation\testautomation\src\main\resources
2022-02-08 13:01:56,083 [Worker-55: Building] INFO  o.e.m.c.i.embedder.EclipseLogger - Using 'UTF-8' encoding to copy filtered resources.
2022-02-08 13:01:56,083 [Worker-55: Building] INFO  o.e.m.c.i.embedder.EclipseLogger - skip non existing resourceDirectory C:\Users\Vinaykumar_Kavala\TestAutomation\testautomation\src\test\resources
2022-02-08 13:02:09,480 [Worker-58: Updating Maven Project] INFO  o.e.m.c.i.p.ProjectConfigurationManager - Update started
2022-02-08 13:02:09,775 [Worker-58: Updating Maven Project] INFO  o.e.m.c.i.l.LifecycleMappingFactory - Using org.eclipse.m2e.jdt.JarLifecycleMapping lifecycle mapping for MavenProject: com.epam.TestAutomation:testautomation:0.0.1-SNAPSHOT @ C:\Users\Vinaykumar_Kavala\TestAutomation\testautomation\pom.xml.
2022-02-08 13:02:09,959 [Worker-58: Updating Maven Project] INFO  o.e.m.j.i.AbstractJavaProjectConfigurator - Adding source folder /testautomation/src/main/java
2022-02-08 13:02:09,959 [Worker-58: Updating Maven Project] INFO  o.e.m.j.i.AbstractJavaProjectConfigurator - Adding source folder /testautomation/src/test/java
2022-02-08 13:02:10,043 [Worker-58: Updating Maven Project] INFO  o.e.m.c.i.p.ProjectConfigurationManager - Update completed: 0 sec
2022-02-08 13:02:10,249 [Worker-49: Building] INFO  o.e.m.c.i.embedder.EclipseLogger - Using 'UTF-8' encoding to copy filtered resources.
2022-02-08 13:02:10,250 [Worker-49: Building] INFO  o.e.m.c.i.embedder.EclipseLogger - skip non existing resourceDirectory C:\Users\Vinaykumar_Kavala\TestAutomation\testautomation\src\main\resources
2022-02-08 13:02:10,253 [Worker-49: Building] INFO  o.e.m.c.i.embedder.EclipseLogger - Using 'UTF-8' encoding to copy filtered resources.
2022-02-08 13:02:10,254 [Worker-49: Building] INFO  o.e.m.c.i.embedder.EclipseLogger - skip non existing resourceDirectory C:\Users\Vinaykumar_Kavala\TestAutomation\testautomation\src\test\resources
2022-02-08 13:05:02,942 [Worker-61: Building] INFO  o.e.m.c.i.embedder.EclipseLogger - Using 'UTF-8' encoding to copy filtered resources.
2022-02-08 13:05:02,942 [Worker-61: Building] INFO  o.e.m.c.i.embedder.EclipseLogger - skip non existing resourceDirectory C:\Users\Vinaykumar_Kavala\TestAutomation\testautomation\src\main\resources
2022-02-08 13:05:02,943 [Worker-61: Building] INFO  o.e.m.c.i.embedder.EclipseLogger - Using 'UTF-8' encoding to copy filtered resources.
2022-02-08 13:05:02,944 [Worker-61: Building] INFO  o.e.m.c.i.embedder.EclipseLogger - skip non existing resourceDirectory C:\Users\Vinaykumar_Kavala\TestAutomation\testautomation\src\test\resources
2022-02-08 13:17:02,282 [Worker-69: Building] INFO  o.e.m.c.i.l.LifecycleMappingFactory - Using org.eclipse.m2e.jdt.JarLifecycleMapping lifecycle mapping for MavenProject: com.epam.TestAutomation:testautomation:0.0.1-SNAPSHOT @ C:\Users\Vinaykumar_Kavala\TestAutomation\testautomation\pom.xml.
2022-02-08 13:17:03,869 [Worker-69: Building] INFO  o.e.m.c.i.e.AbstractTransferListenerAdapter - Downloaded https://repo.maven.apache.org/maven2/junit/junit/5/junit-5.pom
2022-02-08 13:17:03,871 [Worker-69: Building] WARN  o.e.m.c.i.embedder.EclipseLogger - The POM for junit:junit:jar:5 is missing, no dependency information available
2022-02-08 13:17:04,352 [Worker-69: Building] INFO  o.e.m.c.i.e.AbstractTransferListenerAdapter - Downloaded https://repo.maven.apache.org/maven2/junit/junit/5/junit-5.jar
2022-02-08 13:17:04,449 [Worker-69: Building] INFO  o.e.m.c.i.embedder.EclipseLogger - Using 'UTF-8' encoding to copy filtered resources.
2022-02-08 13:17:04,449 [Worker-69: Building] INFO  o.e.m.c.i.embedder.EclipseLogger - skip non existing resourceDirectory C:\Users\Vinaykumar_Kavala\TestAutomation\testautomation\src\main\resources
2022-02-08 13:17:04,450 [Worker-69: Building] INFO  o.e.m.c.i.embedder.EclipseLogger - Using 'UTF-8' encoding to copy filtered resources.
2022-02-08 13:17:04,450 [Worker-69: Building] INFO  o.e.m.c.i.embedder.EclipseLogger - skip non existing resourceDirectory C:\Users\Vinaykumar_Kavala\TestAutomation\testautomation\src\test\resources
2022-02-08 13:17:05,464 [Worker-66: Download sources and javadoc] WARN  o.e.m.c.i.embedder.EclipseLogger - The POM for junit:junit:jar:5 is missing, no dependency information available
2022-02-08 13:17:06,656 [Worker-66: Download sources and javadoc] INFO  o.e.m.c.i.e.AbstractTransferListenerAdapter - Downloaded https://repo.maven.apache.org/maven2/junit/junit/5/junit-5-sources.jar
2022-02-08 13:17:06,668 [Worker-66: Download sources and javadoc] ERROR o.e.m.j.internal.DownloadSourcesJob - Could not download sources for junit:junit:5
org.eclipse.core.runtime.CoreException: Could not resolve artifact junit:junit:jar:sources:5
	at org.eclipse.m2e.core.internal.embedder.MavenImpl.lambda$4(MavenImpl.java:828)
	at org.eclipse.m2e.core.internal.embedder.MavenExecutionContext.executeBare(MavenExecutionContext.java:182)
	at org.eclipse.m2e.core.internal.embedder.MavenExecutionContext.execute(MavenExecutionContext.java:117)
	at org.eclipse.m2e.core.internal.embedder.MavenExecutionContext.execute(MavenExecutionContext.java:103)
	at org.eclipse.m2e.core.internal.embedder.MavenImpl.resolve(MavenImpl.java:796)
	at org.eclipse.m2e.core.internal.embedder.MavenImpl.resolve(MavenImpl.java:773)
	at org.eclipse.m2e.jdt.internal.DownloadSourcesJob.download(DownloadSourcesJob.java:311)
	at org.eclipse.m2e.jdt.internal.DownloadSourcesJob.downloadAttachments(DownloadSourcesJob.java:285)
	at org.eclipse.m2e.jdt.internal.DownloadSourcesJob.downloadMaven(DownloadSourcesJob.java:255)
	at org.eclipse.m2e.jdt.internal.DownloadSourcesJob.downloadFilesAndPopulateToUpdate(DownloadSourcesJob.java:223)
	at org.eclipse.m2e.jdt.internal.DownloadSourcesJob.lambda$0(DownloadSourcesJob.java:152)
	at org.eclipse.m2e.core.internal.embedder.MavenExecutionContext.executeBare(MavenExecutionContext.java:182)
	at org.eclipse.m2e.core.internal.embedder.MavenExecutionContext.execute(MavenExecutionContext.java:156)
	at org.eclipse.m2e.core.internal.embedder.MavenExecutionContext.execute(MavenExecutionContext.java:103)
	at org.eclipse.m2e.core.internal.embedder.MavenImpl.execute(MavenImpl.java:1416)
	at org.eclipse.m2e.jdt.internal.DownloadSourcesJob.run(DownloadSourcesJob.java:152)
	at org.eclipse.core.internal.jobs.Worker.run(Worker.java:63)
2022-02-08 13:17:07,107 [Worker-61: Building] INFO  o.e.m.c.i.l.LifecycleMappingFactory - Using org.eclipse.m2e.jdt.JarLifecycleMapping lifecycle mapping for MavenProject: com.epam.TestAutomation:testautomation:0.0.1-SNAPSHOT @ C:\Users\Vinaykumar_Kavala\TestAutomation\testautomation\pom.xml.
2022-02-08 13:17:07,108 [Worker-61: Building] WARN  o.e.m.c.i.embedder.EclipseLogger - The POM for junit:junit:jar:5.0.0 is missing, no dependency information available
2022-02-08 13:17:07,194 [Worker-61: Building] INFO  o.e.m.c.i.embedder.EclipseLogger - Using 'UTF-8' encoding to copy filtered resources.
2022-02-08 13:17:07,194 [Worker-61: Building] INFO  o.e.m.c.i.embedder.EclipseLogger - skip non existing resourceDirectory C:\Users\Vinaykumar_Kavala\TestAutomation\testautomation\src\main\resources
2022-02-08 13:17:07,195 [Worker-61: Building] INFO  o.e.m.c.i.embedder.EclipseLogger - Using 'UTF-8' encoding to copy filtered resources.
2022-02-08 13:17:07,195 [Worker-61: Building] INFO  o.e.m.c.i.embedder.EclipseLogger - skip non existing resourceDirectory C:\Users\Vinaykumar_Kavala\TestAutomation\testautomation\src\test\resources
2022-02-08 13:17:08,212 [Worker-68: Download sources and javadoc] WARN  o.e.m.c.i.embedder.EclipseLogger - The POM for junit:junit:jar:5.0.0 is missing, no dependency information available
2022-02-08 13:17:09,452 [Worker-68: Download sources and javadoc] INFO  o.e.m.c.i.e.AbstractTransferListenerAdapter - Downloaded https://repo.maven.apache.org/maven2/junit/junit/5.0.0/junit-5.0.0-sources.jar
2022-02-08 13:17:09,461 [Worker-68: Download sources and javadoc] ERROR o.e.m.j.internal.DownloadSourcesJob - Could not download sources for junit:junit:5.0.0
org.eclipse.core.runtime.CoreException: Could not resolve artifact junit:junit:jar:sources:5.0.0
	at org.eclipse.m2e.core.internal.embedder.MavenImpl.lambda$4(MavenImpl.java:828)
	at org.eclipse.m2e.core.internal.embedder.MavenExecutionContext.executeBare(MavenExecutionContext.java:182)
	at org.eclipse.m2e.core.internal.embedder.MavenExecutionContext.execute(MavenExecutionContext.java:117)
	at org.eclipse.m2e.core.internal.embedder.MavenExecutionContext.execute(MavenExecutionContext.java:103)
	at org.eclipse.m2e.core.internal.embedder.MavenImpl.resolve(MavenImpl.java:796)
	at org.eclipse.m2e.core.internal.embedder.MavenImpl.resolve(MavenImpl.java:773)
	at org.eclipse.m2e.jdt.internal.DownloadSourcesJob.download(DownloadSourcesJob.java:311)
	at org.eclipse.m2e.jdt.internal.DownloadSourcesJob.downloadAttachments(DownloadSourcesJob.java:285)
	at org.eclipse.m2e.jdt.internal.DownloadSourcesJob.downloadMaven(DownloadSourcesJob.java:255)
	at org.eclipse.m2e.jdt.internal.DownloadSourcesJob.downloadFilesAndPopulateToUpdate(DownloadSourcesJob.java:223)
	at org.eclipse.m2e.jdt.internal.DownloadSourcesJob.lambda$0(DownloadSourcesJob.java:152)
	at org.eclipse.m2e.core.internal.embedder.MavenExecutionContext.executeBare(MavenExecutionContext.java:182)
	at org.eclipse.m2e.core.internal.embedder.MavenExecutionContext.execute(MavenExecutionContext.java:156)
	at org.eclipse.m2e.core.internal.embedder.MavenExecutionContext.execute(MavenExecutionContext.java:103)
	at org.eclipse.m2e.core.internal.embedder.MavenImpl.execute(MavenImpl.java:1416)
	at org.eclipse.m2e.jdt.internal.DownloadSourcesJob.run(DownloadSourcesJob.java:152)
	at org.eclipse.core.internal.jobs.Worker.run(Worker.java:63)
2022-02-08 13:18:11,444 [Worker-66: Building] INFO  o.e.m.c.i.l.LifecycleMappingFactory - Using org.eclipse.m2e.jdt.JarLifecycleMapping lifecycle mapping for MavenProject: com.epam.TestAutomation:testautomation:0.0.1-SNAPSHOT @ C:\Users\Vinaykumar_Kavala\TestAutomation\testautomation\pom.xml.
2022-02-08 13:18:11,537 [Worker-66: Building] INFO  o.e.m.c.i.embedder.EclipseLogger - Using 'UTF-8' encoding to copy filtered resources.
2022-02-08 13:18:11,537 [Worker-66: Building] INFO  o.e.m.c.i.embedder.EclipseLogger - skip non existing resourceDirectory C:\Users\Vinaykumar_Kavala\TestAutomation\testautomation\src\main\resources
2022-02-08 13:18:11,538 [Worker-66: Building] INFO  o.e.m.c.i.embedder.EclipseLogger - Using 'UTF-8' encoding to copy filtered resources.
2022-02-08 13:18:11,538 [Worker-66: Building] INFO  o.e.m.c.i.embedder.EclipseLogger - skip non existing resourceDirectory C:\Users\Vinaykumar_Kavala\TestAutomation\testautomation\src\test\resources
2022-02-08 13:18:12,696 [Worker-61: Building] INFO  o.e.m.c.i.embedder.EclipseLogger - Using 'UTF-8' encoding to copy filtered resources.
2022-02-08 13:18:12,696 [Worker-61: Building] INFO  o.e.m.c.i.embedder.EclipseLogger - skip non existing resourceDirectory C:\Users\Vinaykumar_Kavala\TestAutomation\testautomation\src\main\resources
2022-02-08 13:18:12,698 [Worker-61: Building] INFO  o.e.m.c.i.embedder.EclipseLogger - Using 'UTF-8' encoding to copy filtered resources.
2022-02-08 13:18:12,698 [Worker-61: Building] INFO  o.e.m.c.i.embedder.EclipseLogger - skip non existing resourceDirectory C:\Users\Vinaykumar_Kavala\TestAutomation\testautomation\src\test\resources
2022-02-08 14:04:32,361 [Worker-70: Building] INFO  o.e.m.c.i.l.LifecycleMappingFactory - Using org.eclipse.m2e.jdt.JarLifecycleMapping lifecycle mapping for MavenProject: com.epam.TestAutomation:testautomation:0.0.1-SNAPSHOT @ C:\Users\Vinaykumar_Kavala\TestAutomation\testautomation\pom.xml.
2022-02-08 14:04:32,469 [Worker-70: Building] INFO  o.e.m.c.i.embedder.EclipseLogger - Using 'UTF-8' encoding to copy filtered resources.
2022-02-08 14:04:32,469 [Worker-70: Building] INFO  o.e.m.c.i.embedder.EclipseLogger - skip non existing resourceDirectory C:\Users\Vinaykumar_Kavala\TestAutomation\testautomation\src\main\resources
2022-02-08 14:04:32,471 [Worker-70: Building] INFO  o.e.m.c.i.embedder.EclipseLogger - Using 'UTF-8' encoding to copy filtered resources.
2022-02-08 14:04:32,471 [Worker-70: Building] INFO  o.e.m.c.i.embedder.EclipseLogger - skip non existing resourceDirectory C:\Users\Vinaykumar_Kavala\TestAutomation\testautomation\src\test\resources
2022-02-08 14:06:55,456 [Worker-71: Building] INFO  o.e.m.c.i.l.LifecycleMappingFactory - Using org.eclipse.m2e.jdt.JarLifecycleMapping lifecycle mapping for MavenProject: com.epam.TestAutomation:testautomation:0.0.1-SNAPSHOT @ C:\Users\Vinaykumar_Kavala\TestAutomation\testautomation\pom.xml.
2022-02-08 14:06:55,629 [Worker-71: Building] INFO  o.e.m.c.i.embedder.EclipseLogger - Using 'UTF-8' encoding to copy filtered resources.
2022-02-08 14:06:55,630 [Worker-71: Building] INFO  o.e.m.c.i.embedder.EclipseLogger - skip non existing resourceDirectory C:\Users\Vinaykumar_Kavala\TestAutomation\testautomation\src\main\resources
2022-02-08 14:06:55,631 [Worker-71: Building] INFO  o.e.m.c.i.embedder.EclipseLogger - Using 'UTF-8' encoding to copy filtered resources.
2022-02-08 14:06:55,631 [Worker-71: Building] INFO  o.e.m.c.i.embedder.EclipseLogger - skip non existing resourceDirectory C:\Users\Vinaykumar_Kavala\TestAutomation\testautomation\src\test\resources
2022-02-08 14:06:56,784 [Worker-66: Building] INFO  o.e.m.c.i.embedder.EclipseLogger - Using 'UTF-8' encoding to copy filtered resources.
2022-02-08 14:06:56,784 [Worker-66: Building] INFO  o.e.m.c.i.embedder.EclipseLogger - skip non existing resourceDirectory C:\Users\Vinaykumar_Kavala\TestAutomation\testautomation\src\main\resources
2022-02-08 14:06:56,785 [Worker-66: Building] INFO  o.e.m.c.i.embedder.EclipseLogger - Using 'UTF-8' encoding to copy filtered resources.
2022-02-08 14:06:56,785 [Worker-66: Building] INFO  o.e.m.c.i.embedder.EclipseLogger - skip non existing resourceDirectory C:\Users\Vinaykumar_Kavala\TestAutomation\testautomation\src\test\resources
2022-02-08 14:07:03,858 [Worker-73: Updating Maven Project] INFO  o.e.m.c.i.p.ProjectConfigurationManager - Update started
2022-02-08 14:07:03,992 [Worker-73: Updating Maven Project] INFO  o.e.m.c.i.l.LifecycleMappingFactory - Using org.eclipse.m2e.jdt.JarLifecycleMapping lifecycle mapping for MavenProject: com.epam.TestAutomation:testautomation:0.0.1-SNAPSHOT @ C:\Users\Vinaykumar_Kavala\TestAutomation\testautomation\pom.xml.
2022-02-08 14:07:04,095 [Worker-73: Updating Maven Project] INFO  o.e.m.j.i.AbstractJavaProjectConfigurator - Adding source folder /testautomation/src/main/java
2022-02-08 14:07:04,096 [Worker-73: Updating Maven Project] INFO  o.e.m.j.i.AbstractJavaProjectConfigurator - Adding source folder /testautomation/src/test/java
2022-02-08 14:07:04,194 [Worker-73: Updating Maven Project] INFO  o.e.m.c.i.p.ProjectConfigurationManager - Update completed: 0 sec
2022-02-08 14:07:04,362 [Worker-71: Building] INFO  o.e.m.c.i.embedder.EclipseLogger - Using 'UTF-8' encoding to copy filtered resources.
2022-02-08 14:07:04,363 [Worker-71: Building] INFO  o.e.m.c.i.embedder.EclipseLogger - skip non existing resourceDirectory C:\Users\Vinaykumar_Kavala\TestAutomation\testautomation\src\main\resources
2022-02-08 14:07:04,365 [Worker-71: Building] INFO  o.e.m.c.i.embedder.EclipseLogger - Using 'UTF-8' encoding to copy filtered resources.
2022-02-08 14:07:04,365 [Worker-71: Building] INFO  o.e.m.c.i.embedder.EclipseLogger - skip non existing resourceDirectory C:\Users\Vinaykumar_Kavala\TestAutomation\testautomation\src\test\resources
2022-02-08 14:08:24,235 [Worker-66: Building] INFO  o.e.m.c.i.embedder.EclipseLogger - Using 'UTF-8' encoding to copy filtered resources.
2022-02-08 14:08:24,235 [Worker-66: Building] INFO  o.e.m.c.i.embedder.EclipseLogger - skip non existing resourceDirectory C:\Users\Vinaykumar_Kavala\TestAutomation\testautomation\src\main\resources
2022-02-08 14:08:24,236 [Worker-66: Building] INFO  o.e.m.c.i.embedder.EclipseLogger - Using 'UTF-8' encoding to copy filtered resources.
2022-02-08 14:08:24,236 [Worker-66: Building] INFO  o.e.m.c.i.embedder.EclipseLogger - skip non existing resourceDirectory C:\Users\Vinaykumar_Kavala\TestAutomation\testautomation\src\test\resources
2022-02-08 14:23:09,529 [Worker-80: Building] INFO  o.e.m.c.i.embedder.EclipseLogger - Using 'UTF-8' encoding to copy filtered resources.
2022-02-08 14:23:09,530 [Worker-80: Building] INFO  o.e.m.c.i.embedder.EclipseLogger - skip non existing resourceDirectory C:\Users\Vinaykumar_Kavala\TestAutomation\testautomation\src\main\resources
2022-02-08 14:23:09,530 [Worker-80: Building] INFO  o.e.m.c.i.embedder.EclipseLogger - Using 'UTF-8' encoding to copy filtered resources.
2022-02-08 14:23:09,530 [Worker-80: Building] INFO  o.e.m.c.i.embedder.EclipseLogger - skip non existing resourceDirectory C:\Users\Vinaykumar_Kavala\TestAutomation\testautomation\src\test\resources
